[2025-06-20 15:01:26] Application locked: Хуй Райко
[2025-06-20 15:01:26] Application started
[2025-06-20 15:02:16] Application unlocked
[2025-06-20 15:02:16] Application started
[2025-06-20 15:02:17] Button pressed. Total presses: 1
[2025-06-20 15:02:24] Button pressed. Total presses: 2
[2025-06-20 15:02:32] Button pressed. Total presses: 3
[2025-06-20 15:02:34] Button pressed. Total presses: 4
[2025-06-20 15:03:03] Button pressed. Total presses: 5
[2025-06-20 15:03:18] Application unlocked
[2025-06-20 15:03:18] Client uptime: 1 minutes
[2025-06-20 15:03:38] Button pressed. Total presses: 6
[2025-06-20 15:03:40] Button pressed. Total presses: 7
[2025-06-20 15:04:01] Button pressed. Total presses: 8
[2025-06-20 15:04:20] Client uptime: 2 minutes
[2025-06-20 15:04:34] Application locked: Хуй Тебе
[2025-06-20 15:05:22] Client uptime: 3 minutes
[2025-06-20 15:06:24] Client uptime: 4 minutes
[2025-06-20 15:07:26] Client uptime: 5 minutes
[2025-06-20 15:07:45] Application locked: Хуй Тебе
[2025-06-20 15:08:28] Client uptime: 6 minutes
[2025-06-20 15:08:49] Application locked: Хуй Тебе
[2025-06-20 15:09:30] Client uptime: 7 minutes
[2025-06-20 15:10:12] Application locked: Хуй Тебе
[2025-06-20 15:10:33] Client uptime: 8 minutes
[2025-06-20 15:11:35] Client uptime: 9 minutes
[2025-06-20 15:12:05] Application locked: Хуй Тебе
[2025-06-20 15:12:37] Client uptime: 10 minutes
[2025-06-20 15:13:39] Client uptime: 11 minutes
[2025-06-20 15:13:45] Application locked: Хуй Тебе
[2025-06-20 15:16:52] Application locked: Хуй Тебе
[2025-06-20 15:16:52] Application started
[2025-06-20 15:17:10] Application closed. Total uptime: 0 minutes
[2025-06-20 15:17:10] Total button presses: 0
[2025-06-20 15:26:52] Application locked: Хуй Тебе
[2025-06-20 15:26:52] Application started
