[2025-06-24 08:52:25] Server started
[2025-06-24 08:55:03] Check lock request from 192.168.113.252. No active locks.
[2025-06-24 08:55:38] Check lock request from 192.168.113.254. No active locks.
[2025-06-24 08:56:03] Check lock request from 192.168.113.252. No active locks.
[2025-06-24 08:56:38] Check lock request from 192.168.113.254. No active locks.
[2025-06-24 08:56:59] Check lock request from 192.168.113.51. No active locks.
[2025-06-24 08:57:03] Check lock request from 192.168.113.252. No active locks.
[2025-06-24 08:57:30] IP lock activated for 192.168.113.51 with message: Серега не сегодня
[2025-06-24 08:57:38] Check lock request from 192.168.113.254. No active locks.
[2025-06-24 08:57:59] Check lock request from 192.168.113.51. IP lock active.
[2025-06-24 08:58:03] Check lock request from 192.168.113.252. No active locks.
[2025-06-24 08:58:32] Check lock request from 192.168.113.51. IP lock active.
[2025-06-24 08:58:38] Check lock request from 192.168.113.254. No active locks.
[2025-06-24 08:59:03] Check lock request from 192.168.113.252. No active locks.
[2025-06-24 08:59:12] Check lock request from 192.168.113.51. IP lock active.
[2025-06-24 08:59:34] Check lock request from 192.168.113.51. IP lock active.
[2025-06-24 08:59:38] Check lock request from 192.168.113.254. No active locks.
[2025-06-24 08:59:58] IP lock deactivated for 192.168.113.51
[2025-06-24 09:00:03] Check lock request from 192.168.113.252. No active locks.
[2025-06-24 09:00:39] Check lock request from 192.168.113.254. No active locks.
[2025-06-24 09:01:01] Check lock request from 192.168.113.51. No active locks.
[2025-06-24 09:01:03] Check lock request from 192.168.113.51. No active locks.
[2025-06-24 09:01:03] Check lock request from 192.168.113.252. No active locks.
[2025-06-24 09:01:39] Check lock request from 192.168.113.254. No active locks.
[2025-06-24 09:02:01] Check lock request from 192.168.113.51. No active locks.
[2025-06-24 09:02:03] Check lock request from 192.168.113.51. No active locks.
[2025-06-24 09:02:03] Check lock request from 192.168.113.252. No active locks.
[2025-06-24 09:02:39] Check lock request from 192.168.113.254. No active locks.
[2025-06-24 09:03:01] Check lock request from 192.168.113.51. No active locks.
[2025-06-24 09:03:03] Check lock request from 192.168.113.51. No active locks.
[2025-06-24 09:03:03] Check lock request from 192.168.113.252. No active locks.
[2025-06-24 09:03:39] Check lock request from 192.168.113.254. No active locks.
[2025-06-24 09:04:02] Check lock request from 192.168.113.51. No active locks.
[2025-06-24 09:04:03] Check lock request from 192.168.113.51. No active locks.
[2025-06-24 09:04:03] Check lock request from 192.168.113.252. No active locks.
[2025-06-24 09:04:39] Check lock request from 192.168.113.254. No active locks.
[2025-06-24 09:05:02] Check lock request from 192.168.113.51. No active locks.
[2025-06-24 09:05:03] Check lock request from 192.168.113.51. No active locks.
[2025-06-24 09:05:03] Check lock request from 192.168.113.252. No active locks.
[2025-06-24 09:05:39] Check lock request from 192.168.113.254. No active locks.
[2025-06-24 09:06:02] Check lock request from 192.168.113.51. No active locks.
[2025-06-24 09:06:03] Check lock request from 192.168.113.252. No active locks.
[2025-06-24 09:06:04] Check lock request from 192.168.113.51. No active locks.
[2025-06-24 09:06:39] Check lock request from 192.168.113.254. No active locks.
[2025-06-24 09:07:02] Check lock request from 192.168.113.51. No active locks.
[2025-06-24 09:07:04] Check lock request from 192.168.113.252. No active locks.
[2025-06-24 09:07:04] Check lock request from 192.168.113.51. No active locks.
[2025-06-24 09:07:39] Check lock request from 192.168.113.254. No active locks.
[2025-06-24 09:08:02] Check lock request from 192.168.113.51. No active locks.
[2025-06-24 09:08:04] Check lock request from 192.168.113.51. No active locks.
[2025-06-24 09:08:40] Check lock request from 192.168.113.254. No active locks.
[2025-06-24 09:09:02] Check lock request from 192.168.113.51. No active locks.
[2025-06-24 09:09:04] Check lock request from 192.168.113.51. No active locks.
[2025-06-24 09:09:40] Check lock request from 192.168.113.254. No active locks.
[2025-06-24 09:10:02] Check lock request from 192.168.113.51. No active locks.
[2025-06-24 09:10:04] Check lock request from 192.168.113.51. No active locks.
[2025-06-24 09:10:40] Check lock request from 192.168.113.254. No active locks.
[2025-06-24 09:11:02] Check lock request from 192.168.113.51. No active locks.
[2025-06-24 09:11:04] Check lock request from 192.168.113.51. No active locks.
[2025-06-24 09:11:40] Check lock request from 192.168.113.254. No active locks.
[2025-06-24 09:12:02] Check lock request from 192.168.113.51. No active locks.
[2025-06-24 09:12:04] Check lock request from 192.168.113.51. No active locks.
[2025-06-24 09:12:20] Check lock request from 192.168.113.252. No active locks.
[2025-06-24 09:12:40] Check lock request from 192.168.113.254. No active locks.
[2025-06-24 09:13:02] Check lock request from 192.168.113.51. No active locks.
[2025-06-24 09:13:06] Check lock request from 192.168.113.51. No active locks.
[2025-06-24 09:13:40] Check lock request from 192.168.113.254. No active locks.
[2025-06-24 09:14:40] Check lock request from 192.168.113.254. No active locks.
[2025-06-24 09:15:40] Check lock request from 192.168.113.254. No active locks.
[2025-06-24 09:16:04] Check lock request from 192.168.113.252. No active locks.
[2025-06-24 09:16:40] Check lock request from 192.168.113.254. No active locks.
[2025-06-24 09:17:04] Check lock request from 192.168.113.252. No active locks.
[2025-06-24 09:17:40] Check lock request from 192.168.113.254. No active locks.
[2025-06-24 09:18:04] Check lock request from 192.168.113.252. No active locks.
[2025-06-24 09:18:40] Check lock request from 192.168.113.254. No active locks.
[2025-06-24 09:19:04] Check lock request from 192.168.113.252. No active locks.
[2025-06-24 09:19:40] Check lock request from 192.168.113.254. No active locks.
[2025-06-24 09:20:04] Check lock request from 192.168.113.252. No active locks.
[2025-06-24 09:20:43] Check lock request from 192.168.113.254. No active locks.
[2025-06-24 09:21:04] Check lock request from 192.168.113.252. No active locks.
[2025-06-24 09:21:45] Check lock request from 192.168.113.254. No active locks.
[2025-06-24 09:22:04] Check lock request from 192.168.113.252. No active locks.
[2025-06-24 09:22:48] Check lock request from 192.168.113.254. No active locks.
[2025-06-24 09:23:04] Check lock request from 192.168.113.252. No active locks.
[2025-06-24 09:23:51] Check lock request from 192.168.113.254. No active locks.
[2025-06-24 09:24:04] Check lock request from 192.168.113.252. No active locks.
[2025-06-24 09:24:32] Check lock request from 192.168.113.252. No active locks.
[2025-06-24 09:24:54] Check lock request from 192.168.113.254. No active locks.
[2025-06-24 09:25:33] Check lock request from 192.168.113.252. No active locks.
[2025-06-24 09:25:56] Check lock request from 192.168.113.254. No active locks.
[2025-06-24 09:26:33] Check lock request from 192.168.113.252. No active locks.
[2025-06-24 09:26:45] IP lock activated for 192.168.113.254 with message: хуй
[2025-06-24 09:26:59] Check lock request from 192.168.113.254. IP lock active.
[2025-06-24 09:27:33] Check lock request from 192.168.113.252. No active locks.
[2025-06-24 09:28:06] Check lock request from 192.168.113.254. IP lock active.
[2025-06-24 09:28:33] Check lock request from 192.168.113.252. No active locks.
[2025-06-24 09:29:33] Check lock request from 192.168.113.252. No active locks.
[2025-06-24 09:30:33] Check lock request from 192.168.113.252. No active locks.
[2025-06-24 09:31:33] Check lock request from 192.168.113.252. No active locks.
[2025-06-24 09:32:33] Check lock request from 192.168.113.252. No active locks.
[2025-06-24 09:33:33] Check lock request from 192.168.113.252. No active locks.
[2025-06-24 09:34:33] Check lock request from 192.168.113.252. No active locks.
[2025-06-24 09:35:33] Check lock request from 192.168.113.252. No active locks.
[2025-06-24 09:36:33] Check lock request from 192.168.113.252. No active locks.
[2025-06-24 09:37:33] Check lock request from 192.168.113.252. No active locks.
[2025-06-24 09:11:38] Server started
[2025-06-24 09:11:46] Check lock request from 192.168.113.252. No active locks.
[2025-06-24 09:11:55] Check lock request from 192.168.113.254. No active locks.
[2025-06-24 09:12:46] Check lock request from 192.168.113.252. No active locks.
[2025-06-24 09:12:55] Check lock request from 192.168.113.254. No active locks.
[2025-06-24 09:13:06] Check lock request from 192.168.113.254. No active locks.
[2025-06-24 09:13:18] Failed unlock attempt: wrong password
[2025-06-24 09:13:46] Check lock request from 192.168.113.252. No active locks.
[2025-06-24 09:14:07] Check lock request from 192.168.113.254. No active locks.
[2025-06-24 09:14:46] Check lock request from 192.168.113.252. No active locks.
[2025-06-24 09:15:15] Server started
[2025-06-24 09:15:46] Check lock request from 192.168.113.252. No active locks.
[2025-06-24 09:16:09] Check lock request from 192.168.113.254. No active locks.
[2025-06-24 09:16:46] Check lock request from 192.168.113.252. No active locks.
[2025-06-24 09:17:09] Check lock request from 192.168.113.254. No active locks.
[2025-06-24 09:17:46] Check lock request from 192.168.113.252. No active locks.
[2025-06-24 09:18:09] Check lock request from 192.168.113.254. No active locks.
[2025-06-24 09:18:46] Check lock request from 192.168.113.252. No active locks.
[2025-06-24 09:19:09] Check lock request from 192.168.113.254. No active locks.
[2025-06-24 09:19:46] Check lock request from 192.168.113.252. No active locks.
[2025-06-24 09:20:09] Check lock request from 192.168.113.254. No active locks.
[2025-06-24 09:20:46] Check lock request from 192.168.113.252. No active locks.
[2025-06-24 09:21:09] Check lock request from 192.168.113.254. No active locks.
[2025-06-24 09:21:46] Check lock request from 192.168.113.252. No active locks.
[2025-06-24 09:22:09] Check lock request from 192.168.113.254. No active locks.
[2025-06-24 09:22:46] Check lock request from 192.168.113.252. No active locks.
[2025-06-24 09:23:09] Check lock request from 192.168.113.254. No active locks.
[2025-06-24 09:23:46] Check lock request from 192.168.113.252. No active locks.
[2025-06-24 09:24:09] Check lock request from 192.168.113.254. No active locks.
[2025-06-24 09:24:46] Check lock request from 192.168.113.252. No active locks.
[2025-06-24 09:25:09] Check lock request from 192.168.113.254. No active locks.
[2025-06-24 09:25:46] Check lock request from 192.168.113.252. No active locks.
[2025-06-24 09:26:09] Check lock request from 192.168.113.254. No active locks.
[2025-06-24 09:26:46] Check lock request from 192.168.113.252. No active locks.
[2025-06-24 09:27:10] Check lock request from 192.168.113.254. No active locks.
[2025-06-24 09:27:46] Check lock request from 192.168.113.252. No active locks.
[2025-06-24 09:28:10] Check lock request from 192.168.113.254. No active locks.
[2025-06-24 09:28:46] Check lock request from 192.168.113.252. No active locks.
[2025-06-24 09:29:10] Check lock request from 192.168.113.254. No active locks.
[2025-06-24 09:29:46] Check lock request from 192.168.113.252. No active locks.
[2025-06-24 09:30:10] Check lock request from 192.168.113.254. No active locks.
[2025-06-24 09:30:46] Check lock request from 192.168.113.252. No active locks.
[2025-06-24 09:31:10] Check lock request from 192.168.113.254. No active locks.
[2025-06-24 09:31:46] Check lock request from 192.168.113.252. No active locks.
[2025-06-24 09:32:10] Check lock request from 192.168.113.254. No active locks.
[2025-06-24 09:32:47] Check lock request from 192.168.113.252. No active locks.
[2025-06-24 09:33:10] Check lock request from 192.168.113.254. No active locks.
[2025-06-24 09:33:47] Check lock request from 192.168.113.252. No active locks.
[2025-06-24 09:34:10] Check lock request from 192.168.113.254. No active locks.
[2025-06-24 09:34:47] Check lock request from 192.168.113.252. No active locks.
[2025-06-24 09:35:10] Check lock request from 192.168.113.254. No active locks.
[2025-06-24 09:35:30] IP lock activated for 192.168.113.254 with message: хуй
[2025-06-24 09:35:47] Check lock request from 192.168.113.252. No active locks.
[2025-06-24 09:36:10] Check lock request from 192.168.113.254. IP lock active.
[2025-06-24 09:36:47] Check lock request from 192.168.113.252. No active locks.
[2025-06-24 09:37:47] Check lock request from 192.168.113.252. No active locks.
[2025-06-24 09:38:47] Check lock request from 192.168.113.252. No active locks.
[2025-06-24 09:39:47] Check lock request from 192.168.113.252. No active locks.
[2025-06-24 09:39:55] Check lock request from 192.168.113.254. IP lock active.
[2025-06-24 09:40:47] Check lock request from 192.168.113.252. No active locks.
[2025-06-24 09:41:09] Check lock request from 192.168.113.254. IP lock active.
[2025-06-24 09:41:26] Check lock request from 192.168.113.254. IP lock active.
[2025-06-24 09:41:47] Check lock request from 192.168.113.252. No active locks.
[2025-06-24 09:42:47] Check lock request from 192.168.113.252. No active locks.
[2025-06-24 09:43:47] Check lock request from 192.168.113.252. No active locks.
[2025-06-24 09:44:47] Check lock request from 192.168.113.252. No active locks.
[2025-06-24 09:45:47] Check lock request from 192.168.113.252. No active locks.
[2025-06-24 09:46:47] Check lock request from 192.168.113.252. No active locks.
[2025-06-24 09:47:47] Check lock request from 192.168.113.252. No active locks.
[2025-06-24 13:48:06] Check lock request from 192.168.113.252. No active locks.
[2025-06-24 13:51:06] Check lock request from 192.168.113.47. No active locks.
[2025-06-24 13:51:51] IP lock activated for 192.168.113.47 with message: хуй
[2025-06-24 13:52:06] Check lock request from 192.168.113.47. IP lock active.
[2025-06-24 13:53:12] Check lock request from 192.168.113.252. No active locks.
[2025-06-24 13:53:21] Check lock request from 192.168.113.47. IP lock active.
[2025-06-24 13:53:43] IP lock deactivated for 192.168.113.254
[2025-06-24 13:54:04] Check lock request from 192.168.113.252. No active locks.
[2025-06-24 13:55:04] Check lock request from 192.168.113.252. No active locks.
[2025-06-24 13:56:04] Check lock request from 192.168.113.252. No active locks.
[2025-06-24 13:56:09] Check lock request from 192.168.113.254. No active locks.
[2025-06-24 13:57:04] Check lock request from 192.168.113.252. No active locks.
[2025-06-24 13:57:09] Check lock request from 192.168.113.254. No active locks.
[2025-06-24 13:57:47] IP lock activated for 192.168.113.47 with message: Паш это Тест
[2025-06-24 13:58:04] Check lock request from 192.168.113.252. No active locks.
[2025-06-24 13:58:09] Check lock request from 192.168.113.254. No active locks.
[2025-06-24 13:58:58] Check lock request from 192.168.113.47. IP lock active.
[2025-06-24 13:59:04] Check lock request from 192.168.113.252. No active locks.
[2025-06-24 13:59:09] Check lock request from 192.168.113.254. No active locks.
[2025-06-24 14:00:04] Check lock request from 192.168.113.252. No active locks.
[2025-06-24 14:00:09] Check lock request from 192.168.113.254. No active locks.
[2025-06-24 14:01:04] Check lock request from 192.168.113.252. No active locks.
[2025-06-24 14:01:09] Check lock request from 192.168.113.254. No active locks.
[2025-06-24 14:02:09] Check lock request from 192.168.113.254. No active locks.
[2025-06-24 12:17:01] Server started
[2025-06-24 12:17:26] Check lock request from 192.168.113.252. No active locks.
[2025-06-24 12:19:15] Check lock request from 192.168.113.252. No active locks.
[2025-06-24 12:19:17] Button pressed from 192.168.113.252. Total presses: 1
[2025-06-24 12:20:15] Check lock request from 192.168.113.252. No active locks.
[2025-06-24 12:20:47] Check lock request from 192.168.113.254. No active locks.
[2025-06-24 12:21:15] Check lock request from 192.168.113.252. No active locks.
[2025-06-24 12:21:47] Check lock request from 192.168.113.254. No active locks.
[2025-06-24 12:22:15] Check lock request from 192.168.113.252. No active locks.
[2025-06-24 12:22:47] Check lock request from 192.168.113.254. No active locks.
[2025-06-24 12:22:59] Button pressed from 192.168.113.252. Total presses: 2
[2025-06-24 12:23:05] IP lock activated for 192.168.113.252 with message: хуй тебе
[2025-06-24 12:23:15] Check lock request from 192.168.113.252. IP lock active.
[2025-06-24 12:23:48] Check lock request from 192.168.113.254. No active locks.
[2025-06-24 12:24:20] Check lock request from 192.168.113.252. IP lock active.
[2025-06-24 12:24:48] Check lock request from 192.168.113.254. No active locks.
[2025-06-24 12:25:27] Check lock request from 192.168.113.252. IP lock active.
[2025-06-24 12:25:48] Check lock request from 192.168.113.254. No active locks.
[2025-06-24 16:26:48] Check lock request from 192.168.113.254. No active locks.
[2025-06-24 16:27:24] IP lock deactivated for 192.168.113.252
[2025-06-24 16:27:48] Check lock request from 192.168.113.254. No active locks.
[2025-06-24 16:28:48] Check lock request from 192.168.113.254. No active locks.
[2025-06-24 16:29:48] Check lock request from 192.168.113.254. No active locks.
[2025-06-24 16:30:48] Check lock request from 192.168.113.254. No active locks.
[2025-06-24 16:31:48] Check lock request from 192.168.113.254. No active locks.
